<?xml version="1.0" encoding="UTF-8"?>
<testng-results skipped="0" failed="0" ignored="0" total="1" passed="1">
  <reporter-output>
  </reporter-output>
  <suite name="Default suite" duration-ms="18659" started-at="2020-03-27T16:06:09Z" finished-at="2020-03-27T16:06:28Z">
    <groups>
    </groups>
    <test name="Default test" duration-ms="18659" started-at="2020-03-27T16:06:09Z" finished-at="2020-03-27T16:06:28Z">
      <class name="com.zomato.test.common.CuisineSearchTest">
        <test-method status="PASS" signature="init()[pri:0, instance:com.zomato.test.common.CuisineSearchTest@5e5792a0]" name="init" is-config="true" duration-ms="274" started-at="2020-03-27T16:06:09Z" finished-at="2020-03-27T16:06:10Z">
          <reporter-output>
          </reporter-output>
        </test-method> <!-- init -->
        <test-method status="PASS" signature="testCuisineSearch()[pri:0, instance:com.zomato.test.common.CuisineSearchTest@5e5792a0]" name="testCuisineSearch" duration-ms="18371" started-at="2020-03-27T16:06:10Z" finished-at="2020-03-27T16:06:28Z">
          <reporter-output>
          </reporter-output>
        </test-method> <!-- testCuisineSearch -->
      </class> <!-- com.zomato.test.common.CuisineSearchTest -->
    </test> <!-- Default test -->
  </suite> <!-- Default suite -->
</testng-results>
